<?xml version="1.0" encoding="UTF-8"?>
<!-- Generated by org.testng.reporters.JUnitXMLReporter -->
<testsuite ignored="0" hostname="DESKTOP-QS02G29" failures="1" tests="1" name="Test" time="34.583" errors="0" timestamp="13 Jul 2019 09:23:16 GMT">
  <testcase classname="testautomation.cases.TestLoginPage" name="loginToApplication" time="0.115">
    <failure type="java.lang.AssertionError" message="expected [iBridg] but found [iBridge]">
      <![CDATA[java.lang.AssertionError: expected [iBridg] but found [iBridge]
at testautomation.cases.TestLoginPage.loginToApplication(TestLoginPage.java:27)
... Removed 35 stack frames]]>
    </failure>
  </testcase> <!-- loginToApplication -->
</testsuite> <!-- Test -->
