-------------------------------------------------------------------------------
Test set: TestSuite
-------------------------------------------------------------------------------
Tests run: 1, Failures: 1, Errors: 0, Skipped: 0, Time elapsed: 35.936 s <<< FAILURE! - in TestSuite
loginToApplication(testautomation.cases.TestLoginPage)  Time elapsed: 0.153 s  <<< FAILURE!
java.lang.AssertionError: expected [iBridg] but found [iBridge]
	at testautomation.cases.TestLoginPage.loginToApplication(TestLoginPage.java:27)

